190.67 346.23
60.0 450.0
67.8 580.5
43.11 317.56
144.63 580.24
19.38 580.44
58.12 449.48
23.19 269.38
17.04 504.84
60.0 450.0
60.0 450.0
16.7 471.29
60.0 450.0
190.11 580.1
16.87 406.87
60.0 450.0
60.0 450.0
45.6 366.02
61.96 579.77
16.87 406.87
60.0 450.0
17.22 430.54
75.82 452.29
190.11 580.1
64.91 441.69
16.87 406.87
16.87 406.87
60.0 450.0
59.9 450.09
190.11 580.1
66.51 446.28
180.43 580.12
52.67 579.79
16.87 406.87
16.87 406.87
60.71 448.48
16.87 406.87
16.91 448.26
190.11 580.1
102.27 507.27
74.91 459.18
16.86 261.17
59.64 449.62
60.0 450.0
196.55 580.18
60.0 450.0
60.0 450.0
16.87 406.87
190.11 580.1
16.65 414.55
16.87 406.86
104.31 423.22
356.5 424.67
16.82 406.96
16.87 406.87
16.87 406.87
166.43 580.19
60.0 450.0
17.22 430.53
60.0 449.99
190.11 580.1
295.1 388.83
190.11 580.1
71.54 479.61
61.4 446.24
16.87 406.87
99.6 500.98
16.87 406.87
276.97 497.56
60.04 449.99
16.87 406.87
16.87 406.87
45.68 579.94
46.76 298.97
74.75 412.58
16.87 406.87
171.99 466.98
211.74 574.07
60.04 450.01
60.59 435.59
47.03 449.78
111.23 355.89
190.11 580.1
16.65 414.55
60.0 450.0
17.36 439.19
83.82 470.91
60.0 450.0
16.84 472.3
60.0 450.0
68.47 579.6
16.96 397.36
16.87 452.6
234.58 550.09
73.46 333.35
154.51 580.33
46.92 298.56
16.87 406.87
55.7 502.95
16.87 406.87
16.87 406.86
16.87 406.87
60.0 450.0
16.87 406.87
16.87 406.87
16.87 406.87
17.28 445.63
60.0 450.0
91.69 483.19
183.5 579.61
60.0 450.0
60.0 450.0
60.0 450.0
230.57 553.45
78.56 470.83
16.87 406.87
37.16 283.5
159.53 457.91
60.0 450.0
190.11 580.1
77.9 431.14
60.03 449.97
16.87 406.87
16.87 406.87
300.89 391.52
60.0 450.0
72.76 452.14
17.11 556.85
16.79 324.98
58.66 449.15
16.55 340.39
16.87 406.87
60.0 450.02
108.25 491.81
94.39 506.63
64.28 447.73
62.34 458.61
58.07 506.95
60.0 450.0
85.54 523.56
117.98 579.85
59.84 449.1
50.08 448.84
60.0 450.0
295.32 390.19
16.51 527.13
16.87 406.87
16.87 406.87
60.0 450.0
16.87 406.87
160.34 457.7
21.58 401.41
16.67 407.14
16.87 406.87
190.11 580.1
60.0 450.0
16.5 444.83
16.87 406.87
150.31 580.43
60.0 450.0
321.22 403.99
61.66 450.42
16.87 406.87
60.0 450.0
190.11 580.1
60.0 450.0
190.11 580.1
190.1 580.11
147.55 579.87
60.0 450.0
60.0 450.0
16.87 406.87
16.87 406.87
17.26 443.5
16.87 406.87
17.37 439.17
18.73 440.76
113.41 580.41
60.0 450.0
190.11 580.1
16.87 406.87
16.87 406.87
190.11 580.1
60.0 450.0
52.65 579.79
16.66 402.91
60.0 450.0
66.91 322.73
44.45 447.26
16.87 406.87
16.51 455.75
16.87 406.87
60.0 450.0
16.87 406.87
87.39 477.22
84.73 463.21
16.87 406.87
60.0 450.0
60.0 450.0
80.33 480.95
59.39 449.04
16.87 406.87
87.27 580.14
16.87 406.87
16.87 406.87
59.98 450.08
60.0 450.0
16.87 406.87
60.0 450.0
16.64 405.62
16.87 406.87
75.64 455.33
16.87 406.87
16.87 406.87
16.97 408.86
39.81 455.14
190.11 580.1
16.74 402.18
60.0 450.0
295.48 388.63
60.0 450.0
60.0 450.0
72.29 481.02
16.87 406.87
60.0 450.0
60.0 450.0
190.11 580.1
241.31 541.1
16.65 414.55
16.87 406.87
16.87 406.87
16.87 406.87
16.52 389.45
16.87 406.87
66.18 551.45
73.96 419.19
16.87 406.87
16.87 406.87
60.0 450.0
190.11 580.1
126.71 580.27
60.0 450.0
190.11 580.1
16.87 406.87
16.87 406.87
16.87 406.87
60.0 450.0
56.97 451.59
80.14 499.21
46.16 295.85
16.87 406.87
60.0 450.0
60.0 450.0
16.88 410.35
64.63 443.76
16.99 410.41
16.87 406.87
16.87 406.87
58.94 445.37
59.88 450.04
16.87 406.87
16.93 444.99
16.64 414.57
16.67 402.9
16.87 406.87
98.01 508.17
60.0 450.0
16.78 392.41
60.0 450.0
96.27 501.12
16.87 406.87
16.87 406.87
75.46 431.64
16.87 406.87
190.11 580.1
60.02 450.0
16.87 406.87
60.0 450.0
334.04 412.04
16.87 406.87
16.87 406.87
60.0 450.0
16.87 406.87
16.87 406.87
16.87 406.87
60.0 450.0
16.87 406.87
119.18 580.08
16.87 406.87
16.87 406.87
16.87 406.87
60.0 450.0
16.87 406.87
16.87 406.87
166.59 466.58
16.87 406.87
60.0 450.0
17.15 480.31
60.0 450.0
60.47 450.57
85.17 448.53
324.24 406.78
16.87 406.87
16.87 406.87
16.86 406.87
60.0 450.7
95.74 501.73
16.87 406.87
190.11 580.1
16.87 406.87
60.0 450.0
65.12 445.77
16.87 406.87
60.0 450.0
60.0 450.0
59.75 449.74
16.8 406.96
16.87 406.87
16.87 406.87
16.87 406.87
16.87 406.87
16.87 406.87
16.87 406.87
16.87 406.87
87.31 501.84
16.87 406.87
16.87 406.87
60.0 450.0
16.87 406.87
16.87 406.87
16.98 421.26
16.87 406.87
16.81 409.18
60.0 450.0
16.87 406.87
95.69 486.01
216.8 569.26
58.27 447.43
64.75 444.18
16.87 406.87
16.87 406.87
16.87 406.87
16.87 406.87
16.87 406.87
16.87 406.87
16.87 406.87
16.7 405.89
16.87 406.87
16.87 406.87
16.87 406.87
60.0 450.0
16.87 406.87
16.87 406.87
16.87 406.87
71.51 440.4
190.11 580.1
60.0 450.0
75.46 494.37
16.87 406.87
59.93 449.83
16.91 471.15
60.0 450.0
16.87 406.87
60.0 450.0
16.87 406.87
70.7 579.67
16.8 407.0
16.87 406.87
16.87 406.87
16.87 406.87
16.87 406.87
16.9 500.83
16.87 406.87
93.61 467.58
251.15 502.52
60.0 450.0
16.87 406.87
16.6 539.54
16.87 406.87
16.87 406.87
84.95 446.23
65.28 447.19
125.58 579.83
153.89 579.69
60.0 450.0
16.87 406.87
16.71 416.14
26.08 580.0
16.87 406.87
60.0 450.0
16.87 406.87
64.09 523.29
60.0 450.0
76.71 431.44
60.0 450.0
16.7 410.63
16.97 404.7
17.09 408.58
16.87 406.87
17.19 439.18
16.72 380.57
16.87 406.87
16.87 406.87
190.1 580.1
16.89 577.81
90.34 504.71
16.87 272.51
16.87 406.87
60.0 450.0
59.63 450.18
16.87 406.87
16.87 406.87
16.87 406.87
16.87 406.87
86.14 408.25
52.71 579.79
60.0 450.0
16.87 406.87
93.43 503.18
85.05 348.53
16.85 406.89
16.87 406.87
16.87 406.87
60.02 449.99
28.42 274.35
19.66 580.16
79.07 465.76
16.87 406.87
16.87 406.87
16.87 406.87
16.87 406.87
16.85 406.91
160.18 457.85
16.87 406.87
16.87 406.87
16.87 406.87
73.63 452.88
190.11 580.1
64.14 452.64
39.47 580.39
16.87 406.87
16.87 406.87
16.87 406.87
16.87 406.87
60.0 450.0
81.21 468.62
16.87 406.87
16.87 406.87
16.87 406.87
16.87 406.87
16.87 406.87
190.11 580.1
16.87 406.87
16.87 406.87
27.57 434.14
16.82 453.62
16.88 423.18
16.87 406.87
16.87 406.87
16.5 339.8
171.34 580.45
60.0 450.0
75.91 338.1
16.87 406.87
16.87 406.87
16.86 406.88
16.87 406.87
16.67 405.88
16.87 406.86
16.87 406.87
16.87 406.87
69.32 430.25
16.87 406.87
16.87 406.87
60.0 450.0
16.87 406.87
16.87 406.87
16.87 406.87
16.87 406.87
126.9 579.94
16.96 397.36
60.0 450.0
138.74 580.48
16.87 406.87
62.84 451.13
16.87 406.87
61.94 317.02
195.43 580.02
60.0 450.0
16.87 406.87
28.88 277.61
59.26 449.44
47.04 298.55
60.0 450.0
190.11 580.1
59.29 449.29
190.11 580.1
190.11 580.1
16.87 406.87
16.87 406.87
59.86 450.04
16.87 406.87
16.87 406.87
240.21 543.5
16.87 406.87
22.49 268.82
60.86 450.63
16.87 406.87
240.49 421.56
16.87 406.87
21.55 411.85
16.87 406.87
26.63 272.1
16.86 406.87
16.87 406.87
60.0 450.0
60.0 450.0
16.72 425.07
16.87 406.87
16.87 406.87
16.62 436.77
16.87 406.87
16.7 442.28
60.0 450.0
16.87 406.87
16.87 406.87
16.87 406.86
83.56 422.62
28.35 477.97
16.87 406.87
78.12 427.41
60.0 450.0
16.86 406.88
60.0 450.0
60.0 450.0
16.87 406.87
16.87 406.87
16.87 406.87
16.87 406.87
60.0 450.0
79.52 452.96
79.14 337.5
16.87 406.87
121.68 362.94
16.96 397.36
16.87 406.87
68.75 452.07
190.11 580.1
16.87 406.87
16.87 406.87
60.0 450.0
16.87 406.87
355.26 421.76
16.87 406.87
16.87 406.87
60.0 450.0
16.87 406.87
16.87 406.87
85.86 398.65
16.87 406.87
16.87 406.87
16.87 406.87
16.87 406.87
17.01 405.74
16.87 406.87
26.83 272.08
60.0 450.0
86.96 448.48
16.87 406.87
16.5 405.94
60.0 450.0
16.78 417.74
16.87 406.87
16.87 406.87
190.05 580.14
60.0 450.0
39.47 580.39
190.11 580.1
60.0 450.0
16.66 411.45
16.87 406.86
16.87 406.87
16.87 406.87
16.87 406.87
68.64 452.44
60.0 450.0
190.11 580.07
60.0 450.0
16.87 406.87
60.02 449.99
59.98 450.0
60.0 450.0
16.87 406.87
60.0 450.0
60.0 450.0
16.87 406.87
16.87 406.87
60.0 450.0
16.87 406.87
16.87 406.87
65.99 446.1
17.09 332.35
16.95 397.36
16.87 406.87
16.87 406.87
60.0 450.02
16.87 406.87
16.53 538.99
190.11 580.1
16.86 406.87
60.01 450.02
16.87 406.87
16.87 406.87
16.87 406.87
16.86 406.87
167.53 580.39
16.87 406.87
60.0 450.0
16.87 406.87
60.0 450.0
16.87 406.87
60.0 450.0
16.87 406.87
60.0 450.0
19.55 262.73
16.58 476.86
93.9 499.17
16.87 406.87
16.87 406.87
75.92 335.1
16.87 406.86
60.0 450.0
139.06 579.83
83.66 476.72
16.99 346.61
60.0 450.0
16.55 320.52
16.87 406.87
60.0 450.0
86.93 440.99
16.87 406.87
76.1 468.02
16.5 413.16
16.78 392.41
59.31 449.31
16.87 406.87
47.04 298.55
16.87 406.87
94.97 440.82
16.87 406.86
60.0 450.0
61.07 314.32
60.0 450.0
75.57 580.43
16.87 406.87
16.87 406.87
16.87 406.87
16.87 406.87
16.85 406.9
16.65 402.93
60.0 450.0
60.0 450.0
60.06 450.08
16.87 406.87
60.0 450.0
16.87 406.87
16.87 406.87
16.87 406.87
16.87 406.87
16.87 406.87
60.0 450.0
16.87 406.87
16.87 406.87
60.0 450.0
60.0 450.0
60.0 450.0
16.84 406.92
30.18 559.57
190.11 580.1
190.11 580.1
16.87 406.87
117.3 580.14
16.87 406.87
193.85 580.08
121.49 512.91
16.87 406.87
56.58 441.4
16.87 406.87
47.04 298.55
16.84 412.26
16.78 392.41
16.87 406.87
60.0 450.0
60.0 450.0
60.0 450.0
60.0 450.0
76.7 446.88
16.93 406.84
63.66 455.96
16.87 406.87
16.87 406.87
60.62 449.89
16.87 406.87
61.5 314.9
60.0 450.0
16.87 406.87
89.6 476.82
16.88 406.86
16.78 400.1
60.71 450.7
16.64 405.62
17.24 430.49
16.87 406.87
60.0 450.0
66.85 445.98
16.87 406.87
16.87 406.87
64.22 456.79
16.87 406.87
47.9 298.59
234.6 548.28
16.87 406.87
68.09 464.84
16.87 406.87
59.95 450.06
16.67 402.91
16.87 406.87
190.11 580.1
16.87 406.87
20.29 322.29
60.0 450.0
60.0 450.0
63.5 443.97
16.87 406.87
60.0 450.0
16.87 406.87
65.94 323.28
60.01 450.0
16.88 406.86
62.08 446.7
96.27 500.69
16.87 406.87
16.87 406.87
60.0 450.0
16.87 406.87
16.66 450.61
60.07 449.73
60.0 450.0
16.87 406.87
60.0 450.0
45.4 295.94
60.0 450.0
60.0 450.0
60.0 450.0
16.72 411.47
17.16 412.73
17.1 408.25
60.0 450.0
107.66 513.86
220.14 432.1
60.0 450.0
176.75 580.03
60.0 450.0
60.0 450.0
16.72 380.57
16.65 414.55
60.0 450.0
16.87 406.87
75.92 335.1
16.54 402.8
190.11 580.1
16.97 412.05
16.87 406.87
67.76 451.96
16.65 403.66
70.24 475.78
77.07 437.22
47.04 298.55
16.71 333.59
16.96 397.36
16.51 526.74
16.65 414.55
16.87 406.87
16.87 406.87
60.0 450.0
57.75 435.53
60.0 450.0
62.73 442.01
16.87 406.87
60.22 449.9
57.56 448.95
16.86 406.87
90.03 426.93
16.87 406.87
60.0 450.0
60.0 450.0
27.16 272.05
190.11 580.1
16.87 406.87
16.87 406.87
60.0 450.0
80.95 451.19
190.11 580.1
60.0 450.0
16.98 406.81
16.67 402.9
37.12 284.08
16.87 406.87
16.71 405.88
16.87 406.87
16.87 406.87
16.87 406.87
16.86 405.81
16.67 402.9
45.67 295.87
16.87 406.87
16.87 406.87
60.0 450.0
60.0 450.0
60.0 450.0
190.11 580.11
16.55 438.64
16.87 406.87
79.65 436.83
65.96 439.47
60.86 415.62
121.68 362.94
16.87 406.87
16.51 578.78
190.14 580.06
190.11 580.1
60.0 450.0
16.87 406.87
60.03 449.96
208.27 580.5
141.94 579.65
60.71 450.71
53.24 500.16
60.0 450.0
60.0 450.0
190.11 580.1
190.11 580.1
211.74 574.07
190.11 580.1
16.87 406.87
26.83 272.08
16.64 411.48
26.02 271.54
60.0 450.0
60.0 450.0
96.72 427.68
190.11 580.1
60.0 450.0
47.04 298.55
62.0 317.02
26.11 272.38
190.11 580.1
16.53 403.49
60.0 450.0
60.0 450.0
16.87 406.87
127.23 517.42
63.03 455.24
60.0 450.0
16.91 406.84
16.87 406.87
16.76 421.26
286.39 384.75
59.97 450.03
16.61 322.05
60.71 450.71
16.87 406.87
86.98 446.63
17.09 427.03
190.11 580.1
16.7 326.68
190.11 580.1
16.64 401.49
55.27 451.74
23.05 269.02
72.03 470.77
190.35 579.83
17.22 430.54
16.87 406.87
26.83 272.08
60.0 449.99
60.0 450.0
190.11 580.1
60.0 450.0
58.69 450.06
16.5 415.29
16.87 406.87
60.0 450.0
88.21 507.03
60.0 450.0
16.87 406.87
16.87 328.36
51.06 579.82
70.94 447.64
190.11 580.1
16.76 393.28
190.11 580.1
87.3 437.96
16.55 499.69
190.11 580.1
82.93 496.71
60.0 450.0
16.5 458.93
16.58 573.23
60.0 450.0
16.87 406.87
60.0 450.0
16.93 397.37
301.31 392.09
16.89 406.85
16.87 406.87
16.87 406.87
121.02 380.11
16.87 406.87
17.08 406.76
16.87 406.87
59.65 449.88
46.16 295.85
60.0 450.0
16.87 406.87
190.11 580.1
152.02 580.35
80.01 406.49
17.02 420.83
16.87 406.87
73.63 423.89
16.57 371.35
67.98 432.86
60.0 450.0
16.91 398.06
60.0 450.0
87.75 450.76
22.51 268.82
47.01 298.56
16.87 406.87
60.89 313.92
16.87 406.86
81.56 343.81
60.0 450.0
25.88 272.24
16.96 397.36
67.75 443.02
94.6 491.71
214.5 573.22
16.87 406.87
16.87 406.87
60.0 450.0
60.0 450.0
16.87 406.87
279.67 380.42
59.29 449.29
190.11 580.1
45.55 515.29
34.9 283.52
59.29 449.29
58.56 449.7
60.0 450.0
16.59 580.5
47.11 298.82
60.0 450.0
156.7 437.74
16.87 406.87
301.16 392.61
316.25 403.32
63.14 316.67
16.87 406.87
65.07 347.75
17.09 332.35
59.29 449.29
58.42 311.01
60.0 450.0
16.96 397.36
60.0 450.0
46.16 295.85
303.75 442.52
46.0 295.84
60.0 450.0
190.11 580.1
46.15 295.86
60.0 450.0
16.87 406.87
190.11 580.1
61.26 314.31
65.74 440.3
149.93 579.51
16.87 406.87
16.5 404.88
60.0 450.0
190.08 580.09
61.07 314.32
60.0 450.0
16.87 406.87
60.0 450.0
22.35 386.25
16.87 406.87
17.12 453.15
16.75 304.74
47.73 298.53
60.0 450.0
60.0 450.0
105.01 485.23
157.41 388.36
213.97 574.13
16.87 406.87
190.11 580.1
79.22 340.88
60.0 450.0
16.99 406.81
190.11 580.1
16.87 406.87
89.65 430.2
98.23 440.74
60.53 455.0
190.11 580.1
60.0 450.0
60.0 450.0
59.99 450.01
47.04 298.55
16.87 406.87
16.87 406.87
69.7 434.83
16.87 406.87
85.41 457.19
60.36 449.69
47.04 298.55
16.87 406.87
60.0 450.0
190.11 580.1
46.0 295.59
16.86 406.87
16.87 406.87
294.87 390.67
60.0 450.0
295.03 390.8
97.02 498.2
190.11 580.1
190.11 580.1
53.6 523.7
60.0 450.0
16.87 406.87
60.0 450.0
16.87 406.87
80.49 429.83
76.15 335.37
16.87 406.87
16.87 406.87
60.0 450.0
60.0 450.0
190.11 580.1
60.01 450.0
60.16 449.24
16.87 406.87
60.0 450.0
60.0 450.0
83.67 438.11
47.31 299.22
50.49 302.08
60.0 450.0
16.87 406.87
38.9 286.94
60.0 450.0
16.87 406.87
16.87 406.87
60.04 450.0
60.0 450.0
156.92 389.74
197.69 580.5
60.0 450.0
190.11 580.1
60.0 450.0
16.56 347.41
47.04 298.55
39.17 287.17
59.29 449.29
168.09 466.55
16.96 397.36
60.22 450.0
60.0 450.0
16.87 406.87
16.87 406.87
60.0 450.0
289.2 485.21
60.0 450.0
16.87 406.87
301.27 392.66
86.53 506.22
60.0 450.0
16.87 406.87
60.0 450.0
16.87 406.87
190.11 580.1
320.72 403.77
16.53 406.68
61.94 317.01
60.0 450.0
16.87 406.87
46.93 298.58
60.0 450.0
108.84 355.51
26.11 272.38
16.79 323.46
72.12 421.65
89.9 364.9
60.0 450.0
16.87 406.87
313.21 398.95
190.11 580.1
16.5 394.4
186.27 580.43
286.06 385.87
59.74 449.96
26.11 272.38
46.16 295.85
359.38 518.58
16.87 406.87
60.1 449.83
16.87 406.87
17.18 535.77
23.45 268.5
16.87 406.87
60.0 450.0
16.87 406.87
16.87 406.87
190.11 580.1
16.87 406.87
16.51 422.06
16.87 406.87
89.13 435.48
36.46 283.72
60.0 450.0
59.91 449.96
44.25 295.92
16.69 342.61
106.8 412.13
60.0 450.0
87.89 427.17
16.87 406.87
17.09 332.35
16.87 406.87
16.67 329.23
60.15 450.07
190.06 580.07
60.0 450.0
47.73 298.53
16.76 576.76
16.54 388.08
60.02 449.99
62.35 445.98
47.04 298.55
16.87 406.87
17.04 406.78
29.74 527.68
60.72 448.49
92.24 355.64
26.11 272.38
17.01 397.33
16.87 406.87
47.04 298.55
157.19 395.9
61.06 448.3
56.36 428.36
47.74 298.53
60.0 450.0
16.89 377.9
16.96 397.36
69.42 444.34
16.88 403.69
60.0 450.0
103.02 500.64
16.87 406.87
99.77 482.71
190.11 580.1
16.77 397.47
60.0 450.0
16.53 353.28
16.87 406.87
16.88 406.86
16.6 394.67
16.96 397.36
55.18 439.89
60.0 450.0
16.87 406.87
190.11 580.1
59.99 449.97
60.0 450.0
16.87 406.87
60.0 450.0
62.91 316.6
16.87 406.87
96.84 461.62
63.7 451.47
47.04 298.55
46.72 298.95
60.0 450.0
16.87 406.87
16.54 378.12
16.96 397.36
16.87 406.87
16.87 406.87
17.3 506.46
16.87 406.87
16.87 406.87
24.05 268.5
60.0 450.0
244.48 537.59
46.16 295.85
16.87 406.87
16.87 406.87
69.71 428.22
60.0 450.0
16.87 406.87
16.87 406.87
190.11 580.1
16.87 406.87
16.82 274.01
52.96 455.41
16.99 406.78
60.0 450.0
58.11 310.53
46.77 298.84
60.0 449.98
60.0 450.0
61.24 449.79
16.87 406.87
60.0 450.0
67.78 452.08
16.82 379.54
44.38 296.06
22.53 268.84
26.11 272.38
46.16 295.85
16.87 406.87
16.87 406.87
47.04 298.55
45.96 295.88
60.0 450.0
21.31 580.36
59.29 449.29
16.87 406.87
60.92 450.34
60.0 450.0
46.01 295.88
16.87 406.87
77.4 401.08
16.87 406.87
190.11 580.1
16.87 406.87
60.0 450.0
16.87 406.87
63.61 444.02
16.87 406.87
190.11 580.1
190.11 580.1
60.49 354.52
48.78 298.77
16.87 406.87
16.87 406.87
16.87 406.87
90.28 487.65
190.11 580.1
16.87 406.87
16.87 406.87
46.21 295.58
60.0 450.0
16.87 406.87
60.0 450.0
60.0 450.0
16.87 406.87
190.11 580.1
47.11 298.82
16.65 414.55
16.87 406.87
190.11 580.1
16.56 357.38
61.94 317.02
64.0 450.76
46.16 295.85
16.87 406.87
27.8 271.95
41.32 290.06
16.87 406.87
16.87 406.87
46.31 295.82
28.37 273.34
16.87 406.87
60.0 450.0
47.04 298.55
60.0 450.0
16.87 406.87
60.0 450.0
77.72 450.86
47.04 298.55
61.94 317.02
16.87 406.87
60.0 450.0
49.91 445.36
16.87 406.87
83.93 503.21
16.87 406.87
69.99 441.48
47.03 298.55
200.43 337.52
16.62 388.2
32.1 580.05
190.11 580.1
16.96 397.36
40.58 383.8
46.16 295.85
63.31 448.0
60.0 450.01
47.04 298.55
60.0 450.0
60.0 450.0
16.87 406.87
26.83 272.08
26.11 272.38
16.54 329.46
16.87 406.87
16.87 406.87
16.87 406.87
47.03 298.55
46.16 295.85
72.02 459.33
16.87 406.87
60.0 450.0
16.66 457.57
71.94 328.67
45.83 295.86
16.87 406.87
16.57 323.06
16.54 485.24
47.11 298.82
57.04 424.55
24.06 268.5
208.4 580.05
38.96 580.29
16.87 406.87
16.87 406.87
16.87 406.87
59.85 449.89
16.87 406.87
60.0 450.0
46.73 298.56
190.17 580.03
16.87 406.87
60.0 450.0
16.87 406.87
16.87 406.87
61.4 456.77
16.87 406.87
47.04 298.55
16.87 406.87
16.87 406.87
16.87 406.87
81.91 443.92
16.87 406.87
35.83 284.26
28.88 277.61
190.11 580.1
16.87 406.87
16.87 406.87
16.87 406.87
87.67 446.59
16.87 406.87
60.74 377.14
16.87 406.87
60.58 450.23
42.42 289.75
16.87 406.87
17.0 405.74
65.36 447.31
240.6 543.42
16.87 406.87
16.87 406.87
16.87 406.87
60.0 450.0
102.94 476.32
190.11 580.1
27.76 271.93
17.22 430.54
60.0 450.0
70.58 423.77
16.87 406.87
16.87 406.87
16.87 406.87
22.51 268.82
64.83 438.69
47.03 298.56
60.0 450.0
16.87 406.87
60.0 450.0
60.01 449.98
60.0 450.0
60.0 450.0
16.86 325.73
16.87 406.87
60.38 449.33
60.0 450.0
94.99 436.0
190.11 580.1
46.16 295.85
16.87 406.87
16.87 406.87
57.94 441.02
16.87 406.87
16.87 406.87
60.0 450.0
61.33 452.72
60.0 450.0
16.87 406.87
26.83 272.08
16.87 406.86
60.0 450.0
16.99 468.09
16.98 397.35
16.87 406.87
62.82 451.01
16.87 406.87
16.87 406.87
16.87 406.87
60.0 450.0
16.87 406.87
66.45 447.07
190.11 580.1
190.11 580.1
211.74 574.07
16.87 406.87
16.87 406.87
60.0 450.0
60.0 450.0
190.11 580.1
72.35 448.84
22.51 268.83
16.87 406.87
16.87 406.87
190.11 580.1
60.0 450.0
16.87 406.87
80.84 451.65
105.71 580.17
16.96 397.36
16.86 406.87
87.63 494.04
361.02 424.77
60.09 449.98
16.87 406.87
16.87 406.87
16.87 406.87
16.87 406.87
16.87 406.87
60.0 450.0
16.87 406.87
16.87 406.87
60.0 450.0
60.0 450.0
26.83 272.08
60.0 450.0
16.87 406.87
16.87 406.87
36.3 284.25
60.0 450.0
190.11 580.1
46.16 295.85
60.0 450.0
16.87 406.87
186.65 580.14
47.04 298.55
94.8 447.48
60.0 450.0
16.87 406.87
16.6 478.75
26.11 272.38
46.16 295.85
26.83 272.08
60.0 450.0
59.99 450.0
109.5 494.07
60.0 450.0
113.39 437.45
64.84 451.26
45.62 295.6
16.87 406.87
16.66 415.0
297.73 473.83
79.98 450.78
16.87 406.87
60.0 450.0
63.58 427.28
97.2 424.42
26.11 272.38
21.46 263.31
16.87 406.87
28.5 275.33
26.11 272.38
16.87 406.87
60.0 450.0
16.87 406.87
60.0 450.0
333.03 409.89
60.0 450.0
16.87 406.87
73.39 450.04
64.83 441.29
16.87 406.87
21.94 262.72
16.87 406.87
16.86 406.88
60.0 450.0
59.21 451.29
16.72 314.37
60.0 450.0
67.37 439.35
345.0 418.57
47.04 298.55
60.0 450.0
16.6 392.4
277.27 497.5
16.87 406.87
68.64 460.74
60.0 450.0
60.14 449.93
16.87 406.87
16.86 406.87
16.87 406.87
26.83 272.08
60.0 450.0
63.6 455.2
16.86 406.87
26.83 272.08
66.98 462.17
16.87 406.87
68.93 431.2
307.31 395.78
277.27 497.5
92.77 439.63
60.03 450.15
51.86 301.6
60.0 450.0
190.11 580.1
16.87 406.87
26.63 272.1
16.87 406.87
60.0 450.0
16.87 406.87
47.04 298.55
38.5 287.24
26.11 272.38
16.87 406.87
298.4 473.41
16.87 406.87
295.99 392.07
313.13 455.01
60.0 450.0
22.49 268.82
16.87 406.86
60.0 450.0
16.87 406.87
16.87 406.87
190.11 580.1
94.48 458.94
16.87 406.87
60.0 450.0
17.33 444.26
26.83 272.08
16.87 406.87
36.3 284.25
26.83 272.08
47.2 393.7
60.0 450.0
190.11 580.1
16.87 406.87
16.87 406.87
190.11 580.1
28.37 273.34
46.16 295.85
22.01 263.31
16.88 397.47
16.87 272.51
61.26 314.31
80.45 419.27
16.87 406.87
22.49 268.82
60.0 450.0
75.91 368.97
26.11 272.38
16.9 260.35
16.87 406.87
16.9 406.85
16.87 406.87
16.87 406.87
62.13 450.48
16.87 406.87
16.87 406.87
242.92 456.66
16.87 406.87
47.04 298.55
60.0 450.0
190.11 580.1
189.68 580.45
26.63 272.1
84.14 429.54
157.39 372.96
16.87 406.87
26.83 272.08
26.86 347.33
16.96 397.36
16.87 406.87
60.0 450.0
60.0 450.0
45.87 295.59
16.87 406.87
60.0 450.0
190.11 580.1
17.16 260.18
190.11 580.1
60.0 450.0
47.04 298.55
26.83 272.08
60.0 450.0
16.87 406.87
16.89 391.61
16.5 405.07
16.87 406.87
60.0 450.0
16.87 406.87
36.7 284.28
16.87 406.87
60.0 450.0
60.0 450.0
16.87 406.87
56.15 449.92
16.87 406.87
28.5 274.15
46.07 295.86
334.54 412.68
16.87 406.87
26.83 272.08
85.97 450.74
140.53 579.92
68.04 443.05
16.87 406.87
16.87 406.87
16.87 406.87
16.52 328.55
16.87 406.87
26.83 272.08
60.0 450.0
27.41 272.07
23.37 268.5
16.87 406.87
60.0 450.0
295.2 390.72
236.81 504.33
26.83 272.08
17.15 416.52
81.41 447.35
60.0 450.0
16.87 406.87
16.87 406.87
81.17 450.13
16.87 406.87
47.73 298.53
16.87 406.87
61.78 450.58
16.87 406.87
31.5 278.23
16.87 406.87
26.83 272.08
60.0 450.0
59.25 450.05
64.83 438.69
240.23 543.98
16.96 397.36
16.87 406.87
26.83 272.08
190.11 580.1
16.66 414.54
16.87 406.87
22.53 268.83
23.7 268.5
26.09 272.38
16.87 406.87
28.3 276.44
59.29 449.29
60.0 450.0
26.83 272.08
60.0 450.0
16.87 406.87
191.46 580.05
26.11 272.38
60.0 450.0
92.73 502.48
60.0 450.0
26.83 272.08
63.03 443.88
69.77 428.28
81.98 366.22
60.02 449.99
16.87 406.87
26.83 272.08
60.0 450.0
60.0 450.0
16.87 406.87
16.87 406.87
60.0 450.0
16.87 406.87
16.87 272.51
22.34 262.5
46.43 295.85
82.76 453.04
16.87 406.87
16.87 406.87
26.83 272.08
185.53 575.67
60.0 450.0
16.87 406.87
26.83 272.08
16.87 406.87
16.87 406.87
16.68 403.79
190.11 580.1
60.0 450.0
86.35 430.33
26.63 272.1
60.0 450.0
23.53 580.45
26.83 272.08
16.81 406.95
22.49 268.82
190.11 580.1
265.69 454.56
26.83 272.08
60.0 450.0
60.0 450.0
157.07 418.01
190.11 580.1
16.87 406.87
60.0 450.0
22.49 268.82
16.87 406.87
304.88 394.51
60.0 450.0
60.0 450.0
26.83 272.08
59.84 449.85
23.44 268.5
26.63 272.1
60.0 450.0
16.87 406.87
16.55 386.35
60.0 450.0
192.34 580.5
190.28 580.27
16.96 397.36
16.87 406.87
60.0 450.0
16.87 406.87
26.83 272.08
60.0 450.0
16.87 406.87
26.63 272.1
21.94 262.72
22.53 268.84
59.29 449.29
16.87 406.87
16.87 406.87
60.0 450.0
26.83 272.08
26.11 272.38
60.0 450.0
26.83 272.08
26.11 272.38
16.87 406.87
60.0 450.0
26.83 272.08
22.5 268.84
59.68 448.95
60.0 450.0
16.87 406.87
22.49 268.82
16.87 406.87
16.87 406.87
26.83 272.08
190.09 580.07
16.87 406.87
22.72 268.88
26.11 272.38
16.87 406.87
16.87 406.87
16.87 406.87
16.87 406.87
16.87 406.87
26.83 272.08
17.03 397.33
17.22 260.17
16.87 406.87
26.83 272.08
16.87 406.87
16.87 406.87
60.0 450.0
190.11 580.1
16.81 399.77
16.87 406.87
16.87 406.87
16.87 406.87
60.0 450.0
16.87 406.87
61.96 450.44
190.11 580.1
190.11 580.1
60.0 450.0
81.64 436.63
26.83 272.08
46.91 298.84
26.11 272.38
56.82 446.74
26.83 272.08
22.49 268.84
16.99 426.98
16.87 406.87
16.87 406.87
16.87 406.87
16.87 406.87
16.87 406.87
16.83 261.28
80.96 451.19
190.11 580.1
60.0 450.0
60.85 445.09
16.87 304.57
26.83 272.08
46.91 298.84
16.78 392.41
26.83 272.08
127.56 432.59
16.54 397.61
16.62 457.47
16.87 406.87
16.87 406.87
24.19 347.08
60.0 450.0
16.87 406.87
16.99 406.8
16.93 402.64
16.87 406.87
16.54 530.75
26.11 272.38
157.5 431.83
16.78 424.85
60.0 450.0
16.87 406.87
16.87 406.87
27.91 277.59
16.87 406.87
26.83 272.08
16.87 406.87
16.87 406.87
26.83 272.08
16.95 397.36
60.0 450.0
28.37 273.34
60.0 450.0
16.87 406.87
60.0 450.0
17.34 423.94
49.4 298.53
22.49 267.84
16.87 406.87
68.75 431.08
190.11 580.1
75.22 400.27
190.11 580.1
60.0 450.0
16.87 406.87
23.19 269.38
59.29 449.29
190.11 580.1
22.44 268.82
59.32 449.32
16.7 310.26
16.98 260.3
22.5 268.82
26.11 272.38
22.07 263.15
60.0 450.0
16.87 406.87
22.49 268.82
60.0 450.0
26.83 272.08
59.29 449.29
60.0 450.0
190.11 580.1
22.5 268.82
16.87 406.87
60.0 450.0
26.83 272.08
22.5 268.85
22.49 268.85
16.87 406.87
60.0 450.0
16.87 406.87
60.02 450.0
16.87 406.87
22.49 268.82
60.01 450.01
16.87 406.87
16.6 407.41
16.87 406.87
16.87 406.87
16.88 406.86
60.0 450.0
26.83 272.08
47.73 298.53
